(0000) 3000  0011000000000000 (   5)                 .ORIG x3000
(3000) 2C33  0010110000110011 (   8)                 LD    R6 LAB_base
(3001) E035  1110000000110101 (  10)                 LEA   R0 LAB_out1
(3002) F022  1111000000100010 (  11)                 TRAP  x22
(3003) F020  1111000000100000 (  13)                 TRAP  x20
(3004) F021  1111000000100001 (  14)                 TRAP  x21
(3005) 48BD  0100100010111101 (  16)                 JSR   PUSH
(3006) 202E  0010000000101110 (  18)                 LD    R0 LAB_ln
(3007) F021  1111000000100001 (  19)                 TRAP  x21
(3008) E03E  1110000000111110 (  21)                 LEA   R0 LAB_out2
(3009) F022  1111000000100010 (  22)                 TRAP  x22
(300A) F020  1111000000100000 (  24)                 TRAP  x20
(300B) F021  1111000000100001 (  25)                 TRAP  x21
(300C) 1420  0001010000100000 (  26)                 ADD   R2 R0 #0
(300D) F020  1111000000100000 (  28)                 TRAP  x20
(300E) F021  1111000000100001 (  29)                 TRAP  x21
(300F) 1220  0001001000100000 (  31)                 ADD   R1 R0 #0
(3010) 10A0  0001000010100000 (  32)                 ADD   R0 R2 #0
(3011) 4878  0100100001111000 (  34)                 JSR   DPUSH
(3012) 2022  0010000000100010 (  36)                 LD    R0 LAB_ln
(3013) F021  1111000000100001 (  37)                 TRAP  x21
(3014) E022  1110000000100010 (  39)                 LEA   R0 LAB_out1
(3015) F022  1111000000100010 (  40)                 TRAP  x22
(3016) F020  1111000000100000 (  42)                 TRAP  x20
(3017) F021  1111000000100001 (  43)                 TRAP  x21
(3018) 48AA  0100100010101010 (  45)                 JSR   PUSH
(3019) 201B  0010000000011011 (  47)                 LD    R0 LAB_ln
(301A) F021  1111000000100001 (  48)                 TRAP  x21
(301B) E03E  1110000000111110 (  50)                 LEA   R0 LAB_out3
(301C) F022  1111000000100010 (  51)                 TRAP  x22
(301D) 4859  0100100001011001 (  52)                 JSR   PEEK
(301E) F021  1111000000100001 (  53)                 TRAP  x21
(301F) 2015  0010000000010101 (  55)                 LD    R0 LAB_ln
(3020) F021  1111000000100001 (  56)                 TRAP  x21
(3021) E046  1110000001000110 (  58)                 LEA   R0 LAB_out4
(3022) F022  1111000000100010 (  59)                 TRAP  x22
(3023) 487E  0100100001111110 (  60)                 JSR   DPOP
(3024) F021  1111000000100001 (  61)                 TRAP  x21
(3025) 2010  0010000000010000 (  62)                 LD    R0 LAB_sp
(3026) F021  1111000000100001 (  63)                 TRAP  x21
(3027) 1060  0001000001100000 (  64)                 ADD   R0 R1 #0
(3028) F021  1111000000100001 (  65)                 TRAP  x21
(3029) 200B  0010000000001011 (  67)                 LD    R0 LAB_ln
(302A) F021  1111000000100001 (  68)                 TRAP  x21
(302B) E03C  1110000000111100 (  70)                 LEA   R0 LAB_out4
(302C) F022  1111000000100010 (  71)                 TRAP  x22
(302D) 4874  0100100001110100 (  72)                 JSR   DPOP
(302E) F021  1111000000100001 (  73)                 TRAP  x21
(302F) 2006  0010000000000110 (  74)                 LD    R0 LAB_sp
(3030) F021  1111000000100001 (  75)                 TRAP  x21
(3031) 1060  0001000001100000 (  76)                 ADD   R0 R1 #0
(3032) F021  1111000000100001 (  77)                 TRAP  x21
(3033) F025  1111000000100101 (  79)                 TRAP  x25
(3034) 4000  0100000000000000 (  81) LAB_base        .FILL x4000
(3035) 000A  0000000000001010 (  82) LAB_ln          .FILL x000A
(3036) 0020  0000000000100000 (  83) LAB_sp          .FILL x0020
(3037) 0045  0000000001000101 (  85) LAB_out1        .FILL x0045
(3038) 006E  0000000001101110 (  85)                 .FILL x006E
(3039) 0074  0000000001110100 (  85)                 .FILL x0074
(303A) 0065  0000000001100101 (  85)                 .FILL x0065
(303B) 0072  0000000001110010 (  85)                 .FILL x0072
(303C) 0020  0000000000100000 (  85)                 .FILL x0020
(303D) 0065  0000000001100101 (  85)                 .FILL x0065
(303E) 006C  0000000001101100 (  85)                 .FILL x006C
(303F) 0065  0000000001100101 (  85)                 .FILL x0065
(3040) 006D  0000000001101101 (  85)                 .FILL x006D
(3041) 0065  0000000001100101 (  85)                 .FILL x0065
(3042) 006E  0000000001101110 (  85)                 .FILL x006E
(3043) 0074  0000000001110100 (  85)                 .FILL x0074
(3044) 003A  0000000000111010 (  85)                 .FILL x003A
(3045) 0020  0000000000100000 (  85)                 .FILL x0020
(3046) 0000  0000000000000000 (  85)                 .FILL x0000
(3047) 0045  0000000001000101 (  86) LAB_out2        .FILL x0045
(3048) 006E  0000000001101110 (  86)                 .FILL x006E
(3049) 0074  0000000001110100 (  86)                 .FILL x0074
(304A) 0065  0000000001100101 (  86)                 .FILL x0065
(304B) 0072  0000000001110010 (  86)                 .FILL x0072
(304C) 0020  0000000000100000 (  86)                 .FILL x0020
(304D) 0032  0000000000110010 (  86)                 .FILL x0032
(304E) 0020  0000000000100000 (  86)                 .FILL x0020
(304F) 0065  0000000001100101 (  86)                 .FILL x0065
(3050) 006C  0000000001101100 (  86)                 .FILL x006C
(3051) 0065  0000000001100101 (  86)                 .FILL x0065
(3052) 006D  0000000001101101 (  86)                 .FILL x006D
(3053) 0065  0000000001100101 (  86)                 .FILL x0065
(3054) 006E  0000000001101110 (  86)                 .FILL x006E
(3055) 0074  0000000001110100 (  86)                 .FILL x0074
(3056) 0073  0000000001110011 (  86)                 .FILL x0073
(3057) 003A  0000000000111010 (  86)                 .FILL x003A
(3058) 0020  0000000000100000 (  86)                 .FILL x0020
(3059) 0000  0000000000000000 (  86)                 .FILL x0000
(305A) 0054  0000000001010100 (  87) LAB_out3        .FILL x0054
(305B) 006F  0000000001101111 (  87)                 .FILL x006F
(305C) 0070  0000000001110000 (  87)                 .FILL x0070
(305D) 0020  0000000000100000 (  87)                 .FILL x0020
(305E) 0065  0000000001100101 (  87)                 .FILL x0065
(305F) 006C  0000000001101100 (  87)                 .FILL x006C
(3060) 0065  0000000001100101 (  87)                 .FILL x0065
(3061) 006D  0000000001101101 (  87)                 .FILL x006D
(3062) 0065  0000000001100101 (  87)                 .FILL x0065
(3063) 006E  0000000001101110 (  87)                 .FILL x006E
(3064) 0074  0000000001110100 (  87)                 .FILL x0074
(3065) 003A  0000000000111010 (  87)                 .FILL x003A
(3066) 0020  0000000000100000 (  87)                 .FILL x0020
(3067) 0000  0000000000000000 (  87)                 .FILL x0000
(3068) 0050  0000000001010000 (  88) LAB_out4        .FILL x0050
(3069) 006F  0000000001101111 (  88)                 .FILL x006F
(306A) 0070  0000000001110000 (  88)                 .FILL x0070
(306B) 0027  0000000000100111 (  88)                 .FILL x0027
(306C) 0064  0000000001100100 (  88)                 .FILL x0064
(306D) 0020  0000000000100000 (  88)                 .FILL x0020
(306E) 0076  0000000001110110 (  88)                 .FILL x0076
(306F) 0061  0000000001100001 (  88)                 .FILL x0061
(3070) 006C  0000000001101100 (  88)                 .FILL x006C
(3071) 0075  0000000001110101 (  88)                 .FILL x0075
(3072) 0065  0000000001100101 (  88)                 .FILL x0065
(3073) 0073  0000000001110011 (  88)                 .FILL x0073
(3074) 003A  0000000000111010 (  88)                 .FILL x003A
(3075) 0020  0000000000100000 (  88)                 .FILL x0020
(3076) 0000  0000000000000000 (  88)                 .FILL x0000
(3077) 3E10  0011111000010000 (  96) PEEK            ST    R7 PEEK_saveR7
(3078) 360E  0011011000001110 (  97)                 ST    R3 PEEK_saveR3
(3079) 5B60  0101101101100000 (  99)                 AND   R5 R5 #0
(307A) 260E  0010011000001110 ( 101)                 LD    R3 PEEK_base
(307B) 96FF  1001011011111111 ( 102)                 NOT   R3 R3
(307C) 16E1  0001011011100001 ( 103)                 ADD   R3 R3 #1
(307D) 16C6  0001011011000110 ( 104)                 ADD   R3 R3 R6
(307E) 0404  0000010000000100 ( 105)                 BRZ   PEEK_Fail
(307F) 1DA1  0001110110100001 ( 107)                 ADD   R6 R6 #1
(3080) 6180  0110000110000000 ( 108)                 LDR   R0 R6 #0
(3081) 1DBF  0001110110111111 ( 109)                 ADD   R6 R6 #-1
(3082) 0E01  0000111000000001 ( 110)                 BRNZP PEEK_Exit
(3083) 1B61  0001101101100001 ( 113) PEEK_Fail       ADD   R5 R5 #1
(3084) 2602  0010011000000010 ( 116) PEEK_Exit       LD    R3 PEEK_saveR3
(3085) 2E02  0010111000000010 ( 117)                 LD    R7 PEEK_saveR7
(3086) C1C0  1100000111000000 ( 118)                 RET   
(3087) 0000  0000000000000000 ( 121) PEEK_saveR3     .FILL x0000
(3088) 0000  0000000000000000 ( 123) PEEK_saveR7     .FILL x0000
(3089) C001  1100000000000001 ( 123) PEEK_base       .FILL xC001
(308A) 3E15  0011111000010101 ( 134) DPUSH           ST    R7 DPUSH_saveR7
(308B) 3412  0011010000010010 ( 135)                 ST    R2 DPUSH_saveR2
(308C) 3612  0011011000010010 ( 136)                 ST    R3 DPUSH_saveR3
(308D) 5B60  0101101101100000 ( 138)                 AND   R5 R5 #0
(308E) 2612  0010011000010010 ( 140)                 LD    R3 DPUSH_max
(308F) 96FF  1001011011111111 ( 141)                 NOT   R3 R3
(3090) 16E1  0001011011100001 ( 142)                 ADD   R3 R3 #1
(3091) 16C6  0001011011000110 ( 143)                 ADD   R3 R3 R6
(3092) 16E2  0001011011100010 ( 144)                 ADD   R3 R3 #2
(3093) 0805  0000100000000101 ( 145)                 BRN   DPUSH_Fail
(3094) 7180  0111000110000000 ( 148)                 STR   R0 R6 #0
(3095) 1DBF  0001110110111111 ( 149)                 ADD   R6 R6 #-1
(3096) 7380  0111001110000000 ( 150)                 STR   R1 R6 #0
(3097) 1DBF  0001110110111111 ( 151)                 ADD   R6 R6 #-1
(3098) 0E01  0000111000000001 ( 152)                 BRNZP DPUSH_Exit
(3099) 1B61  0001101101100001 ( 155) DPUSH_Fail      ADD   R5 R5 #1
(309A) 2403  0010010000000011 ( 158) DPUSH_Exit      LD    R2 DPUSH_saveR2
(309B) 2603  0010011000000011 ( 159)                 LD    R3 DPUSH_saveR3
(309C) 2E03  0010111000000011 ( 160)                 LD    R7 DPUSH_saveR7
(309D) C1C0  1100000111000000 ( 161)                 RET   
(309E) 0000  0000000000000000 ( 164) DPUSH_saveR2    .FILL x0000
(309F) 0000  0000000000000000 ( 165) DPUSH_saveR3    .FILL x0000
(30A0) 0000  0000000000000000 ( 167) DPUSH_saveR7    .FILL x0000
(30A1) C100  1100000100000000 ( 167) DPUSH_max       .FILL xC100
(30A2) 3E15  0011111000010101 ( 177) DPOP            ST    R7 DPOP_saveR7
(30A3) 3412  0011010000010010 ( 178)                 ST    R2 DPOP_saveR2
(30A4) 3612  0011011000010010 ( 179)                 ST    R3 DPOP_saveR3
(30A5) 5B60  0101101101100000 ( 181)                 AND   R5 R5 #0
(30A6) 2612  0010011000010010 ( 183)                 LD    R3 DPOP_base
(30A7) 96FF  1001011011111111 ( 184)                 NOT   R3 R3
(30A8) 16E1  0001011011100001 ( 185)                 ADD   R3 R3 #1
(30A9) 16C6  0001011011000110 ( 186)                 ADD   R3 R3 R6
(30AA) 16FE  0001011011111110 ( 187)                 ADD   R3 R3 #-2
(30AB) 0805  0000100000000101 ( 188)                 BRN   DPOP_Fail
(30AC) 1DA1  0001110110100001 ( 190)                 ADD   R6 R6 #1
(30AD) 6180  0110000110000000 ( 191)                 LDR   R0 R6 #0
(30AE) 1DA1  0001110110100001 ( 192)                 ADD   R6 R6 #1
(30AF) 6380  0110001110000000 ( 193)                 LDR   R1 R6 #0
(30B0) 0E01  0000111000000001 ( 194)                 BRNZP DPOP_Exit
(30B1) 1B61  0001101101100001 ( 197) DPOP_Fail       ADD   R5 R5 #1
(30B2) 2403  0010010000000011 ( 200) DPOP_Exit       LD    R2 DPOP_saveR2
(30B3) 2603  0010011000000011 ( 201)                 LD    R3 DPOP_saveR3
(30B4) 2E03  0010111000000011 ( 202)                 LD    R7 DPOP_saveR7
(30B5) C1C0  1100000111000000 ( 203)                 RET   
(30B6) 0000  0000000000000000 ( 206) DPOP_saveR2     .FILL x0000
(30B7) 0000  0000000000000000 ( 207) DPOP_saveR3     .FILL x0000
(30B8) 0000  0000000000000000 ( 209) DPOP_saveR7     .FILL x0000
(30B9) C001  1100000000000001 ( 209) DPOP_base       .FILL xC001
(30BA) 341B  0011010000011011 ( 219) POP             ST    R2 Save2
(30BB) 3219  0011001000011001 ( 220)                 ST    R1 Save1
(30BC) 2216  0010001000010110 ( 221)                 LD    R1 BASE
(30BD) 127F  0001001001111111 ( 222)                 ADD   R1 R1 #-1
(30BE) 1581  0001010110000001 ( 223)                 ADD   R2 R6 R1
(30BF) 040E  0000010000001110 ( 224)                 BRZ   fail_exit
(30C0) 6180  0110000110000000 ( 225)                 LDR   R0 R6 #0
(30C1) 1DA1  0001110110100001 ( 226)                 ADD   R6 R6 #1
(30C2) 0E07  0000111000000111 ( 227)                 BRNZP success_exit
(30C3) 3412  0011010000010010 ( 228) PUSH            ST    R2 Save2
(30C4) 3210  0011001000010000 ( 229)                 ST    R1 Save1
(30C5) 220E  0010001000001110 ( 230)                 LD    R1 MAX
(30C6) 1581  0001010110000001 ( 231)                 ADD   R2 R6 R1
(30C7) 0406  0000010000000110 ( 232)                 BRZ   fail_exit
(30C8) 7180  0111000110000000 ( 233)                 STR   R0 R6 #0
(30C9) 1DBF  0001110110111111 ( 234)                 ADD   R6 R6 #-1
(30CA) 220A  0010001000001010 ( 235) success_exit    LD    R1 Save1
(30CB) 240A  0010010000001010 ( 236)                 LD    R2 Save2
(30CC) 5B60  0101101101100000 ( 237)                 AND   R5 R5 #0
(30CD) C1C0  1100000111000000 ( 238)                 RET   
(30CE) 2206  0010001000000110 ( 239) fail_exit       LD    R1 Save1
(30CF) 2406  0010010000000110 ( 240)                 LD    R2 Save2
(30D0) 5B60  0101101101100000 ( 241)                 AND   R5 R5 #0
(30D1) 1B61  0001101101100001 ( 242)                 ADD   R5 R5 #1
(30D2) C1C0  1100000111000000 ( 243)                 RET   
(30D3) C001  1100000000000001 ( 244) BASE            .FILL xC001
(30D4) C100  1100000100000000 ( 245) MAX             .FILL xC100
(30D5) 0000  0000000000000000 ( 246) Save1           .FILL x0000
(30D6) 0000  0000000000000000 ( 247) Save2           .FILL x0000
