(0000) 3000  0011000000000000 (   5)                 .ORIG x3000
(3000) 2678  0010011001111000 (   8)                 LD    R3 ORIGINAL
(3001) E078  1110000001111000 (  10)                 LEA   R0 PROMPT
(3002) F022  1111000000100010 (  11)                 TRAP  x22
(3003) F020  1111000000100000 (  13)                 TRAP  x20
(3004) F021  1111000000100001 (  14)                 TRAP  x21
(3005) 1220  0001001000100000 (  15)                 ADD   R1 R0 #0
(3006) 4861  0100100001100001 (  16)                 JSR   TIMES_TEN
(3007) F020  1111000000100000 (  17)                 TRAP  x20
(3008) F021  1111000000100001 (  18)                 TRAP  x21
(3009) 1220  0001001000100000 (  19)                 ADD   R1 R0 #0
(300A) 526F  0101001001101111 (  20)                 AND   R1 R1 #15
(300B) 1481  0001010010000001 (  21)                 ADD   R2 R2 R1
(300C) 5020  0101000000100000 (  23)                 AND   R0 R0 #0
(300D) 102A  0001000000101010 (  24)                 ADD   R0 R0 #10
(300E) F021  1111000000100001 (  25)                 TRAP  x21
(300F) 4813  0100100000010011 (  27)                 JSR   ROTATELEFT
(3010) E07C  1110000001111100 (  30)                 LEA   R0 OUT_orig
(3011) F022  1111000000100010 (  31)                 TRAP  x22
(3012) 2266  0010001001100110 (  32)                 LD    R1 ORIGINAL
(3013) E490  1110010010010000 (  33)                 LEA   R2 BITPATTERN
(3014) 482D  0100100000101101 (  34)                 JSR   STORE_BITS
(3015) E08E  1110000010001110 (  35)                 LEA   R0 BITPATTERN
(3016) F022  1111000000100010 (  36)                 TRAP  x22
(3017) 5020  0101000000100000 (  38)                 AND   R0 R0 #0
(3018) 102A  0001000000101010 (  39)                 ADD   R0 R0 #10
(3019) F021  1111000000100001 (  40)                 TRAP  x21
(301A) 4827  0100100000100111 (  42)                 JSR   STORE_BITS
(301B) E07C  1110000001111100 (  44)                 LEA   R0 OUT_rotated
(301C) F022  1111000000100010 (  45)                 TRAP  x22
(301D) 2285  0010001010000101 (  46)                 LD    R1 ROTATED
(301E) E485  1110010010000101 (  47)                 LEA   R2 BITPATTERN
(301F) 4822  0100100000100010 (  48)                 JSR   STORE_BITS
(3020) E083  1110000010000011 (  50)                 LEA   R0 BITPATTERN
(3021) F022  1111000000100010 (  51)                 TRAP  x22
(3022) F025  1111000000100101 (  53)                 TRAP  x25
(3023) 3E18  0011111000011000 (  66) ROTATELEFT      ST    R7 ROT_saveR7
(3024) 3218  0011001000011000 (  67)                 ST    R1 ROT_saveR1
(3025) 3418  0011010000011000 (  68)                 ST    R2 ROT_saveR2
(3026) 3618  0011011000011000 (  69)                 ST    R3 ROT_saveR3
(3027) 3818  0011100000011000 (  70)                 ST    R4 ROT_saveR4
(3028) 3A18  0011101000011000 (  71)                 ST    R5 ROT_saveR5
(3029) 2A11  0010101000010001 (  73)                 LD    R5 ROT_msb1
(302A) 5260  0101001001100000 (  74)                 AND   R1 R1 #0
(302B) 12C3  0001001011000011 (  76) ROT_Start       ADD   R1 R3 R3
(302C) 58C5  0101100011000101 (  77)                 AND   R4 R3 R5
(302D) 0401  0000010000000001 (  78)                 BRZ   ROT_Zero
(302E) 1261  0001001001100001 (  79)                 ADD   R1 R1 #1
(302F) 16C3  0001011011000011 (  81) ROT_Zero        ADD   R3 R3 R3
(3030) 1660  0001011001100000 (  82)                 ADD   R3 R1 #0
(3031) 14BF  0001010010111111 (  84)                 ADD   R2 R2 #-1
(3032) 03F8  0000001111111000 (  85)                 BRP   ROT_Start
(3033) 326F  0011001001101111 (  87)                 ST    R1 ROTATED
(3034) 2208  0010001000001000 (  89)                 LD    R1 ROT_saveR1
(3035) 2408  0010010000001000 (  90)                 LD    R2 ROT_saveR2
(3036) 2608  0010011000001000 (  91)                 LD    R3 ROT_saveR3
(3037) 2808  0010100000001000 (  92)                 LD    R4 ROT_saveR4
(3038) 2A08  0010101000001000 (  93)                 LD    R5 ROT_saveR5
(3039) 2E02  0010111000000010 (  94)                 LD    R7 ROT_saveR7
(303A) C1C0  1100000111000000 (  96)                 RET   
(303B) 8000  1000000000000000 (  98) ROT_msb1        .FILL x8000
(303C) 0000  0000000000000000 ( 101) ROT_saveR7      .FILL x0000
(303D) 0000  0000000000000000 ( 102) ROT_saveR1      .FILL x0000
(303E) 0000  0000000000000000 ( 103) ROT_saveR2      .FILL x0000
(303F) 0000  0000000000000000 ( 104) ROT_saveR3      .FILL x0000
(3040) 0000  0000000000000000 ( 105) ROT_saveR4      .FILL x0000
(3041) 0000  0000000000000000 ( 112) ROT_saveR5      .FILL x0000
(3042) 3E1E  0011111000011110 ( 120) STORE_BITS      ST    R7 BTST_saveR7
(3043) 321E  0011001000011110 ( 121)                 ST    R1 BTST_saveR1
(3044) 341E  0011010000011110 ( 122)                 ST    R2 BTST_saveR2
(3045) 361E  0011011000011110 ( 123)                 ST    R3 BTST_saveR3
(3046) 381E  0011100000011110 ( 124)                 ST    R4 BTST_saveR4
(3047) 3A1E  0011101000011110 ( 125)                 ST    R5 BTST_saveR5
(3048) 3C1E  0011110000011110 ( 126)                 ST    R6 BTST_saveR6
(3049) 2A16  0010101000010110 ( 128)                 LD    R5 BTST_msb1
(304A) 5DA0  0101110110100000 ( 130)                 AND   R6 R6 #0
(304B) 1DAF  0001110110101111 ( 131)                 ADD   R6 R6 #15
(304C) 5941  0101100101000001 ( 134) BTST_Start      AND   R4 R5 R1
(304D) 0802  0000100000000010 ( 135)                 BRN   BTST_Lead1
(304E) 260F  0010011000001111 ( 136)                 LD    R3 BTST_zero
(304F) 0E01  0000111000000001 ( 137)                 BRNZP BTST_Print
(3050) 260E  0010011000001110 ( 140) BTST_Lead1      LD    R3 BTST_one
(3051) 7680  0111011010000000 ( 143) BTST_Print      STR   R3 R2 #0
(3052) 14A1  0001010010100001 ( 144)                 ADD   R2 R2 #1
(3053) 1241  0001001001000001 ( 145)                 ADD   R1 R1 R1
(3054) 1DBF  0001110110111111 ( 146)                 ADD   R6 R6 #-1
(3055) 07F6  0000011111110110 ( 147)                 BRZP  BTST_Start
(3056) 220B  0010001000001011 ( 149)                 LD    R1 BTST_saveR1
(3057) 240B  0010010000001011 ( 150)                 LD    R2 BTST_saveR2
(3058) 260B  0010011000001011 ( 151)                 LD    R3 BTST_saveR3
(3059) 280B  0010100000001011 ( 152)                 LD    R4 BTST_saveR4
(305A) 2A0B  0010101000001011 ( 153)                 LD    R5 BTST_saveR5
(305B) 2C0B  0010110000001011 ( 154)                 LD    R6 BTST_saveR6
(305C) 2E04  0010111000000100 ( 155)                 LD    R7 BTST_saveR7
(305D) C1C0  1100000111000000 ( 157)                 RET   
(305E) 0030  0000000000110000 ( 159) BTST_zero       .FILL x0030
(305F) 0031  0000000000110001 ( 160) BTST_one        .FILL x0031
(3060) 8000  1000000000000000 ( 161) BTST_msb1       .FILL x8000
(3061) 0000  0000000000000000 ( 164) BTST_saveR7     .FILL x0000
(3062) 0000  0000000000000000 ( 165) BTST_saveR1     .FILL x0000
(3063) 0000  0000000000000000 ( 166) BTST_saveR2     .FILL x0000
(3064) 0000  0000000000000000 ( 167) BTST_saveR3     .FILL x0000
(3065) 0000  0000000000000000 ( 168) BTST_saveR4     .FILL x0000
(3066) 0000  0000000000000000 ( 169) BTST_saveR5     .FILL x0000
(3067) 0000  0000000000000000 ( 175) BTST_saveR6     .FILL x0000
(3068) 3E0D  0011111000001101 ( 179) TIMES_TEN       ST    R7 TIM_saveR7
(3069) 320D  0011001000001101 ( 180)                 ST    R1 TIM_saveR1
(306A) 360D  0011011000001101 ( 181)                 ST    R3 TIM_saveR3
(306B) 526F  0101001001101111 ( 183)                 AND   R1 R1 #15
(306C) 54A0  0101010010100000 ( 184)                 AND   R2 R2 #0
(306D) 56E0  0101011011100000 ( 185)                 AND   R3 R3 #0
(306E) 16EA  0001011011101010 ( 186)                 ADD   R3 R3 #10
(306F) 1442  0001010001000010 ( 189) TIM_Start       ADD   R2 R1 R2
(3070) 16FF  0001011011111111 ( 190)                 ADD   R3 R3 #-1
(3071) 03FD  0000001111111101 ( 191)                 BRP   TIM_Start
(3072) 2204  0010001000000100 ( 193)                 LD    R1 TIM_saveR1
(3073) 2604  0010011000000100 ( 194)                 LD    R3 TIM_saveR3
(3074) 2E01  0010111000000001 ( 195)                 LD    R7 TIM_saveR7
(3075) C1C0  1100000111000000 ( 197)                 RET   
(3076) 0000  0000000000000000 ( 200) TIM_saveR7      .FILL x0000
(3077) 0000  0000000000000000 ( 201) TIM_saveR1      .FILL x0000
(3078) 0000  0000000000000000 ( 204) TIM_saveR3      .FILL x0000
(3079) D10B  1101000100001011 ( 204) ORIGINAL        .FILL xD10B
(307A) 0041  0000000001000001 ( 205) PROMPT          .FILL x0041
(307B) 004D  0000000001001101 ( 205)                 .FILL x004D
(307C) 004F  0000000001001111 ( 205)                 .FILL x004F
(307D) 0055  0000000001010101 ( 205)                 .FILL x0055
(307E) 004E  0000000001001110 ( 205)                 .FILL x004E
(307F) 0054  0000000001010100 ( 205)                 .FILL x0054
(3080) 0020  0000000000100000 ( 205)                 .FILL x0020
(3081) 005B  0000000001011011 ( 205)                 .FILL x005B
(3082) 0030  0000000000110000 ( 205)                 .FILL x0030
(3083) 0030  0000000000110000 ( 205)                 .FILL x0030
(3084) 0020  0000000000100000 ( 205)                 .FILL x0020
(3085) 002D  0000000000101101 ( 205)                 .FILL x002D
(3086) 0020  0000000000100000 ( 205)                 .FILL x0020
(3087) 0031  0000000000110001 ( 205)                 .FILL x0031
(3088) 0036  0000000000110110 ( 205)                 .FILL x0036
(3089) 005D  0000000001011101 ( 205)                 .FILL x005D
(308A) 003A  0000000000111010 ( 205)                 .FILL x003A
(308B) 0020  0000000000100000 ( 205)                 .FILL x0020
(308C) 0000  0000000000000000 ( 205)                 .FILL x0000
(308D) 004F  0000000001001111 ( 206) OUT_orig        .FILL x004F
(308E) 0052  0000000001010010 ( 206)                 .FILL x0052
(308F) 0049  0000000001001001 ( 206)                 .FILL x0049
(3090) 0047  0000000001000111 ( 206)                 .FILL x0047
(3091) 0049  0000000001001001 ( 206)                 .FILL x0049
(3092) 004E  0000000001001110 ( 206)                 .FILL x004E
(3093) 0041  0000000001000001 ( 206)                 .FILL x0041
(3094) 004C  0000000001001100 ( 206)                 .FILL x004C
(3095) 003A  0000000000111010 ( 206)                 .FILL x003A
(3096) 0020  0000000000100000 ( 206)                 .FILL x0020
(3097) 0000  0000000000000000 ( 206)                 .FILL x0000
(3098) 0052  0000000001010010 ( 207) OUT_rotated     .FILL x0052
(3099) 004F  0000000001001111 ( 207)                 .FILL x004F
(309A) 0054  0000000001010100 ( 207)                 .FILL x0054
(309B) 0041  0000000001000001 ( 207)                 .FILL x0041
(309C) 0054  0000000001010100 ( 207)                 .FILL x0054
(309D) 0045  0000000001000101 ( 207)                 .FILL x0045
(309E) 0044  0000000001000100 ( 207)                 .FILL x0044
(309F) 003A  0000000000111010 ( 207)                 .FILL x003A
(30A0) 0020  0000000000100000 ( 207)                 .FILL x0020
(30A1) 0020  0000000000100000 ( 207)                 .FILL x0020
(30A2) 0000  0000000000000000 ( 207)                 .FILL x0000
(30A3) 0000  0000000000000000 ( 209) ROTATED         .FILL x0000
(30A4) 0000  0000000000000000 ( 211) BITPATTERN      .FILL x0000
(30A5) 0000  0000000000000000 ( 211)                 .FILL x0000
(30A6) 0000  0000000000000000 ( 211)                 .FILL x0000
(30A7) 0000  0000000000000000 ( 211)                 .FILL x0000
(30A8) 0000  0000000000000000 ( 211)                 .FILL x0000
(30A9) 0000  0000000000000000 ( 211)                 .FILL x0000
(30AA) 0000  0000000000000000 ( 211)                 .FILL x0000
(30AB) 0000  0000000000000000 ( 211)                 .FILL x0000
(30AC) 0000  0000000000000000 ( 211)                 .FILL x0000
(30AD) 0000  0000000000000000 ( 211)                 .FILL x0000
(30AE) 0000  0000000000000000 ( 211)                 .FILL x0000
(30AF) 0000  0000000000000000 ( 211)                 .FILL x0000
(30B0) 0000  0000000000000000 ( 211)                 .FILL x0000
(30B1) 0000  0000000000000000 ( 211)                 .FILL x0000
(30B2) 0000  0000000000000000 ( 211)                 .FILL x0000
(30B3) 0000  0000000000000000 ( 211)                 .FILL x0000
(30B4) 0000  0000000000000000 ( 211)                 .FILL x0000
